<?xml version="1.0" encoding="UTF-8"?>
<testng-results skipped="0" failed="1" total="1" passed="0">
  <reporter-output>
    <line>
      <![CDATA[We are in Android, now checking for Alert messages...]]>
    </line>
  </reporter-output>
  <suite name="POC_Automation_TestSuite" duration-ms="812931" started-at="2017-03-22T11:44:23Z" finished-at="2017-03-22T11:57:56Z">
    <groups>
      <group name="Testing">
        <method signature="SyncTests.syncInterruption()[pri:1, instance:mwo.tests.SyncTests@67b6d4ae]" name="syncInterruption" class="mwo.tests.SyncTests"/>
      </group> <!-- Testing -->
    </groups>
    <test name="Test" duration-ms="812931" started-at="2017-03-22T11:44:23Z" finished-at="2017-03-22T11:57:56Z">
      <class name="mwo.tests.SyncTests">
        <test-method status="PASS" signature="beforeSuite()[pri:0, instance:mwo.tests.SyncTests@67b6d4ae]" name="beforeSuite" is-config="true" duration-ms="25730" started-at="2017-03-22T17:13:57Z" finished-at="2017-03-22T17:14:23Z">
          <reporter-output>
          </reporter-output>
        </test-method> <!-- beforeSuite -->
        <test-method status="PASS" signature="beforeClass()[pri:0, instance:mwo.tests.SyncTests@67b6d4ae]" name="beforeClass" is-config="true" duration-ms="6" started-at="2017-03-22T17:14:23Z" finished-at="2017-03-22T17:14:23Z">
          <reporter-output>
          </reporter-output>
        </test-method> <!-- beforeClass -->
        <test-method status="PASS" signature="beforeMethod(java.lang.reflect.Method)[pri:0, instance:mwo.tests.SyncTests@67b6d4ae]" name="beforeMethod" is-config="true" duration-ms="23303" started-at="2017-03-22T17:14:23Z" finished-at="2017-03-22T17:14:46Z">
          <params>
            <param index="0">
              <value>
                <![CDATA[public void mwo.tests.SyncTests.syncInterruption() throws java.lang.Exception]]>
              </value>
            </param>
          </params>
          <reporter-output>
          </reporter-output>
        </test-method> <!-- beforeMethod -->
        <test-method status="FAIL" signature="syncInterruption()[pri:1, instance:mwo.tests.SyncTests@67b6d4ae]" name="syncInterruption" duration-ms="783785" started-at="2017-03-22T17:14:46Z" finished-at="2017-03-22T17:27:50Z">
          <exception class="org.openqa.selenium.NoSuchElementException">
            <message>
              <![CDATA[Can't locate an element by this strategy: Locator map: 
- native content: "By.xpath: //android.widget.TextView[@resource-id='com.ifsworld.mworkorderapps9:id/sync__datatype' and contains(@text, 'Sync Ended')]" 
- html content: "by id or name "SYNC_COMPLETED_MESSAGE""
For documentation on this error, please visit: http://seleniumhq.org/exceptions/no_such_element.html
Build info: version: '2.53.0', revision: '35ae25b', time: '2016-03-15 16:57:40'
System info: host: 'BDC7-L-1Z7XLV1', ip: '10.239.225.203', os.name: 'Windows 10', os.arch: 'amd64', os.version: '10.0', java.version: '1.8.0_121'
Driver info: driver.version: unknown]]>
            </message>
            <full-stacktrace>
              <![CDATA[org.openqa.selenium.NoSuchElementException: Can't locate an element by this strategy: Locator map: 
- native content: "By.xpath: //android.widget.TextView[@resource-id='com.ifsworld.mworkorderapps9:id/sync__datatype' and contains(@text, 'Sync Ended')]" 
- html content: "by id or name "SYNC_COMPLETED_MESSAGE""
For documentation on this error, please visit: http://seleniumhq.org/exceptions/no_such_element.html
Build info: version: '2.53.0', revision: '35ae25b', time: '2016-03-15 16:57:40'
System info: host: 'BDC7-L-1Z7XLV1', ip: '10.239.225.203', os.name: 'Windows 10', os.arch: 'amd64', os.version: '10.0', java.version: '1.8.0_121'
Driver info: driver.version: unknown
	at io.appium.java_client.pagefactory.AppiumElementLocator.findElement(AppiumElementLocator.java:97)
	at io.appium.java_client.pagefactory.interceptors.InterceptorOfASingleElement.intercept(InterceptorOfASingleElement.java:52)
	at io.appium.java_client.android.AndroidElement$$EnhancerByCGLIB$$86ac5fef.toString(<generated>)
	at java.lang.String.valueOf(String.java:2994)
	at java.lang.StringBuilder.append(StringBuilder.java:131)
	at org.openqa.selenium.support.ui.ExpectedConditions$10.toString(ExpectedConditions.java:293)
	at org.openqa.selenium.support.ui.ExpectedConditions$48.toString(ExpectedConditions.java:1481)
	at org.openqa.selenium.support.ui.FluentWait.until(FluentWait.java:257)
	at mwo.pages.SyncMonitorPage.syncCompletedVerification(Unknown Source)
	at mwo.tests.SyncTests.syncInterruption(Unknown Source)
	at sun.reflect.NativeMethodAccessorImpl.invoke0(Native Method)
	at sun.reflect.NativeMethodAccessorImpl.invoke(NativeMethodAccessorImpl.java:62)
	at sun.reflect.DelegatingMethodAccessorImpl.invoke(DelegatingMethodAccessorImpl.java:43)
	at java.lang.reflect.Method.invoke(Method.java:498)
	at org.testng.internal.MethodInvocationHelper.invokeMethod(MethodInvocationHelper.java:85)
	at org.testng.internal.Invoker.invokeMethod(Invoker.java:639)
	at org.testng.internal.Invoker.invokeTestMethod(Invoker.java:816)
	at org.testng.internal.Invoker.invokeTestMethods(Invoker.java:1124)
	at org.testng.internal.TestMethodWorker.invokeTestMethods(TestMethodWorker.java:125)
	at org.testng.internal.TestMethodWorker.run(TestMethodWorker.java:108)
	at org.testng.TestRunner.privateRun(TestRunner.java:774)
	at org.testng.TestRunner.run(TestRunner.java:624)
	at org.testng.SuiteRunner.runTest(SuiteRunner.java:359)
	at org.testng.SuiteRunner.runSequentially(SuiteRunner.java:354)
	at org.testng.SuiteRunner.privateRun(SuiteRunner.java:312)
	at org.testng.SuiteRunner.run(SuiteRunner.java:261)
	at org.testng.SuiteRunnerWorker.runSuite(SuiteRunnerWorker.java:52)
	at org.testng.SuiteRunnerWorker.run(SuiteRunnerWorker.java:86)
	at org.testng.TestNG.runSuitesSequentially(TestNG.java:1215)
	at org.testng.TestNG.runSuitesLocally(TestNG.java:1140)
	at org.testng.TestNG.run(TestNG.java:1048)
	at org.testng.TestNG.privateMain(TestNG.java:1355)
	at org.testng.TestNG.main(TestNG.java:1324)
]]>
            </full-stacktrace>
          </exception> <!-- org.openqa.selenium.NoSuchElementException -->
          <reporter-output>
            <line>
              <![CDATA[We are in Android, now checking for Alert messages...]]>
            </line>
          </reporter-output>
        </test-method> <!-- syncInterruption -->
        <test-method status="PASS" signature="afterMethod(org.testng.ITestResult)[pri:0, instance:mwo.tests.SyncTests@67b6d4ae]" name="afterMethod" is-config="true" duration-ms="5751" started-at="2017-03-22T17:27:50Z" finished-at="2017-03-22T17:27:56Z">
          <params>
            <param index="0">
              <value>
                <![CDATA[[TestResult name=syncInterruption status=FAILURE method=SyncTests.syncInterruption()[pri:1, instance:mwo.tests.SyncTests@67b6d4ae] output=We are in Android, now checking for Alert messages...]]]>
              </value>
            </param>
          </params>
          <reporter-output>
          </reporter-output>
        </test-method> <!-- afterMethod -->
        <test-method status="PASS" signature="afterClass()[pri:0, instance:mwo.tests.SyncTests@67b6d4ae]" name="afterClass" is-config="true" duration-ms="70" started-at="2017-03-22T17:27:56Z" finished-at="2017-03-22T17:27:56Z">
          <reporter-output>
          </reporter-output>
        </test-method> <!-- afterClass -->
        <test-method status="PASS" signature="afterSuite()[pri:0, instance:mwo.tests.SyncTests@67b6d4ae]" name="afterSuite" is-config="true" duration-ms="662" started-at="2017-03-22T17:27:56Z" finished-at="2017-03-22T17:27:57Z">
          <reporter-output>
          </reporter-output>
        </test-method> <!-- afterSuite -->
      </class> <!-- mwo.tests.SyncTests -->
    </test> <!-- Test -->
  </suite> <!-- POC_Automation_TestSuite -->
</testng-results>
