<?xml version="1.0" encoding="UTF-8"?>
<!-- Generated by org.testng.reporters.JUnitXMLReporter -->
<testsuite hostname="BDC7-L-1Z7XLV1" name="Test" tests="1" failures="1" timestamp="3 Feb 2017 16:22:39 GMT" time="123.248" errors="0">
  <testcase name="scrollTest" time="103.692" classname="mwo.tests.LoginTests">
    <failure type="org.openqa.selenium.WebDriverException" message="An unknown server-side error occurred while processing the command. (WARNING: The server did not provide any stacktrace information)
Command duration or timeout: 180 milliseconds
Build info: version: &amp;apos;2.53.0&amp;apos;, revision: &amp;apos;35ae25b&amp;apos;, time: &amp;apos;2016-03-15 16:57:40&amp;apos;
System info: host: &amp;apos;BDC7-L-1Z7XLV1&amp;apos;, ip: &amp;apos;192.168.56.1&amp;apos;, os.name: &amp;apos;Windows 7&amp;apos;, os.arch: &amp;apos;x86&amp;apos;, os.version: &amp;apos;6.1&amp;apos;, java.version: &amp;apos;1.8.0_60&amp;apos;
Driver info: io.appium.java_client.android.AndroidDriver
Capabilities [{appPackage=com.ifsworld.mworkorderapps9, networkConnectionEnabled=true, warnings={}, appWaitPackage=com.ifsworld.mworkorderapps9, databaseEnabled=false, version=, deviceName=701014be, fullReset=false, platform=ANDROID, deviceUDID=701014be, appActivity=com.ifsworld.mworkorder.LauncherActivity, desired={appPackage=com.ifsworld.mworkorderapps9, appWaitPackage=com.ifsworld.mworkorderapps9, version=, deviceName=701014be, fullReset=false, platform=ANDROID, appActivity=com.ifsworld.mworkorder.LauncherActivity, platformVersion=5.0.1, automationName=Appium, browserName=android, takesScreenshot=true, platformName=Android, autoAcceptAlerts=true}, platformVersion=5.0.1, webStorageEnabled=false, locationContextEnabled=false, automationName=Appium, takesScreenshot=true, browserName=android, javascriptEnabled=true, platformName=Android, autoAcceptAlerts=true}]
Session ID: 15dafe1c-aeed-471e-8870-2fd3bb28f1ad">
      <![CDATA[org.openqa.selenium.WebDriverException: An unknown server-side error occurred while processing the command. (WARNING: The server did not provide any stacktrace information)
Command duration or timeout: 180 milliseconds
Build info: version: '2.53.0', revision: '35ae25b', time: '2016-03-15 16:57:40'
System info: host: 'BDC7-L-1Z7XLV1', ip: '192.168.56.1', os.name: 'Windows 7', os.arch: 'x86', os.version: '6.1', java.version: '1.8.0_60'
Driver info: io.appium.java_client.android.AndroidDriver
Capabilities [{appPackage=com.ifsworld.mworkorderapps9, networkConnectionEnabled=true, warnings={}, appWaitPackage=com.ifsworld.mworkorderapps9, databaseEnabled=false, version=, deviceName=701014be, fullReset=false, platform=ANDROID, deviceUDID=701014be, appActivity=com.ifsworld.mworkorder.LauncherActivity, desired={appPackage=com.ifsworld.mworkorderapps9, appWaitPackage=com.ifsworld.mworkorderapps9, version=, deviceName=701014be, fullReset=false, platform=ANDROID, appActivity=com.ifsworld.mworkorder.LauncherActivity, platformVersion=5.0.1, automationName=Appium, browserName=android, takesScreenshot=true, platformName=Android, autoAcceptAlerts=true}, platformVersion=5.0.1, webStorageEnabled=false, locationContextEnabled=false, automationName=Appium, takesScreenshot=true, browserName=android, javascriptEnabled=true, platformName=Android, autoAcceptAlerts=true}]
Session ID: 15dafe1c-aeed-471e-8870-2fd3bb28f1ad
	at org.openqa.selenium.remote.ErrorHandler.createThrowable(ErrorHandler.java:206)
	at org.openqa.selenium.remote.ErrorHandler.throwIfResponseFailed(ErrorHandler.java:158)
	at org.openqa.selenium.remote.RemoteWebDriver.execute(RemoteWebDriver.java:678)
	at io.appium.java_client.DefaultGenericMobileDriver.execute(DefaultGenericMobileDriver.java:43)
	at io.appium.java_client.AppiumDriver.execute(AppiumDriver.java:1)
	at io.appium.java_client.android.AndroidDriver.execute(AndroidDriver.java:1)
	at io.appium.java_client.AppiumDriver.performTouchAction(AppiumDriver.java:316)
	at io.appium.java_client.TouchAction.perform(TouchAction.java:318)
	at mwo.pages.CustomerSignaturePage.drawSignOntheCanvas(Unknown Source)
	at mwo.tests.LoginTests.scrollTest(Unknown Source)
... Removed 27 stack frames]]>
    </failure>
  </testcase> <!-- scrollTest -->
</testsuite> <!-- Test -->
