<?xml version="1.0" encoding="UTF-8"?>
<!-- Generated by org.testng.reporters.JUnitXMLReporter -->
<testsuite hostname="BDC7-L-1Z7XLV1" name="Test" tests="1" failures="1" timestamp="22 Mar 2017 11:57:56 GMT" time="812.931" errors="0">
  <testcase name="syncInterruption" time="783.785" classname="mwo.tests.SyncTests">
    <failure type="org.openqa.selenium.NoSuchElementException" message="Can&amp;apos;t locate an element by this strategy: Locator map: 
- native content: &amp;quot;By.xpath: //android.widget.TextView[@resource-id=&amp;apos;com.ifsworld.mworkorderapps9:id/sync__datatype&amp;apos; and contains(@text, &amp;apos;Sync Ended&amp;apos;)]&amp;quot; 
- html content: &amp;quot;by id or name &amp;quot;SYNC_COMPLETED_MESSAGE&amp;quot;&amp;quot;
For documentation on this error, please visit: http://seleniumhq.org/exceptions/no_such_element.html
Build info: version: &amp;apos;2.53.0&amp;apos;, revision: &amp;apos;35ae25b&amp;apos;, time: &amp;apos;2016-03-15 16:57:40&amp;apos;
System info: host: &amp;apos;BDC7-L-1Z7XLV1&amp;apos;, ip: &amp;apos;10.239.225.203&amp;apos;, os.name: &amp;apos;Windows 10&amp;apos;, os.arch: &amp;apos;amd64&amp;apos;, os.version: &amp;apos;10.0&amp;apos;, java.version: &amp;apos;1.8.0_121&amp;apos;
Driver info: driver.version: unknown">
      <![CDATA[org.openqa.selenium.NoSuchElementException: Can't locate an element by this strategy: Locator map: 
- native content: "By.xpath: //android.widget.TextView[@resource-id='com.ifsworld.mworkorderapps9:id/sync__datatype' and contains(@text, 'Sync Ended')]" 
- html content: "by id or name "SYNC_COMPLETED_MESSAGE""
For documentation on this error, please visit: http://seleniumhq.org/exceptions/no_such_element.html
Build info: version: '2.53.0', revision: '35ae25b', time: '2016-03-15 16:57:40'
System info: host: 'BDC7-L-1Z7XLV1', ip: '10.239.225.203', os.name: 'Windows 10', os.arch: 'amd64', os.version: '10.0', java.version: '1.8.0_121'
Driver info: driver.version: unknown
	at io.appium.java_client.pagefactory.AppiumElementLocator.findElement(AppiumElementLocator.java:97)
	at io.appium.java_client.pagefactory.interceptors.InterceptorOfASingleElement.intercept(InterceptorOfASingleElement.java:52)
	at io.appium.java_client.android.AndroidElement$$EnhancerByCGLIB$$86ac5fef.toString(<generated>)
	at java.lang.String.valueOf(String.java:2994)
	at java.lang.StringBuilder.append(StringBuilder.java:131)
	at org.openqa.selenium.support.ui.ExpectedConditions$10.toString(ExpectedConditions.java:293)
	at org.openqa.selenium.support.ui.ExpectedConditions$48.toString(ExpectedConditions.java:1481)
	at org.openqa.selenium.support.ui.FluentWait.until(FluentWait.java:257)
	at mwo.pages.SyncMonitorPage.syncCompletedVerification(Unknown Source)
	at mwo.tests.SyncTests.syncInterruption(Unknown Source)
... Removed 23 stack frames]]>
    </failure>
  </testcase> <!-- syncInterruption -->
</testsuite> <!-- Test -->
